2026-01-29 17:26:15,755 - tracker.storage - INFO - Created new expenses file: data/expenses.json
2026-01-29 17:26:15,755 - tracker.cli - INFO - command:add | date:2026-01-25 | category:food | amount:510.0 | note:Ice-cream+cake+tea | currency:BDT
2026-01-29 17:26:15,757 - tracker.cli - ERROR - Error adding expense: list index out of range
2026-01-29 17:33:58,852 - tracker.storage - INFO - Created new expenses file: data/expenses.json
2026-01-29 17:33:58,853 - tracker.cli - INFO - command:add | date:2026-01-25 | category:food | amount:510.0 | note:Ice-cream+cake+tea | currency:BDT
2026-01-29 17:33:58,856 - tracker.storage - INFO - Saved 1 expenses to data/expenses.json
2026-01-29 17:33:58,856 - tracker.service - INFO - Added expense: EXP-20260125-0001
2026-01-29 17:37:20,590 - tracker.storage - INFO - Created new expenses file: data/expenses.json
2026-01-29 17:37:20,590 - tracker.cli - INFO - command:add | date:2026-01-25 | category:transport | amount:80.0 | note:Rickshaw | currency:BDT
2026-01-29 17:37:20,592 - tracker.storage - INFO - Saved 1 expenses to data/expenses.json
2026-01-29 17:37:20,592 - tracker.service - INFO - Added expense: EXP-20260125-0001
2026-01-29 17:37:20,666 - tracker.cli - INFO - command:add | date:2026-01-26 | category:food | amount:250.5 | note:Lunch | currency:BDT
2026-01-29 17:37:20,668 - tracker.storage - INFO - Saved 2 expenses to data/expenses.json
2026-01-29 17:37:20,668 - tracker.service - INFO - Added expense: EXP-20260126-0002
2026-01-29 17:37:20,744 - tracker.cli - INFO - command:add | date:2026-01-26 | category:rent | amount:400.0 | note:Room rent | currency:BDT
2026-01-29 17:37:20,746 - tracker.storage - INFO - Saved 3 expenses to data/expenses.json
2026-01-29 17:37:20,746 - tracker.service - INFO - Added expense: EXP-20260126-0003
2026-01-29 17:37:20,823 - tracker.cli - INFO - command:add | category:entertainment | amount:150.0 | note:Movie ticket | currency:BDT
2026-01-29 17:37:20,826 - tracker.storage - INFO - Saved 4 expenses to data/expenses.json
2026-01-29 17:37:20,826 - tracker.service - INFO - Added expense: EXP-20260129-0004
2026-01-29 17:37:20,922 - tracker.cli - INFO - command:list | sort:date | desc:False
2026-01-29 17:37:20,923 - tracker.service - INFO - Listed 4 expenses
2026-01-29 17:37:21,015 - tracker.cli - INFO - command:list | month:2026-01 | sort:date | desc:False
2026-01-29 17:37:21,015 - tracker.service - INFO - Listed 4 expenses
2026-01-29 17:37:21,105 - tracker.cli - INFO - command:list | category:food | sort:date | desc:False
2026-01-29 17:37:21,105 - tracker.service - INFO - Listed 1 expenses
2026-01-29 17:37:21,195 - tracker.cli - INFO - command:list | min:100.0 | max:300.0 | sort:date | desc:False
2026-01-29 17:37:21,196 - tracker.service - INFO - Listed 2 expenses
2026-01-29 17:37:21,280 - tracker.cli - INFO - command:list | sort:amount | desc:True
2026-01-29 17:37:21,280 - tracker.service - INFO - Listed 4 expenses
2026-01-29 17:37:21,369 - tracker.cli - INFO - command:list | sort:date | desc:False | limit:2
2026-01-29 17:37:21,369 - tracker.service - INFO - Listed 2 expenses
2026-01-29 17:37:21,450 - tracker.cli - INFO - command:summary
2026-01-29 17:37:21,451 - tracker.service - INFO - Generated summary: 4 expenses, total 880.5
2026-01-29 17:37:21,541 - tracker.cli - INFO - command:summary | month:2026-01
2026-01-29 17:37:21,541 - tracker.service - INFO - Generated summary: 4 expenses, total 880.5
2026-01-29 17:37:21,639 - tracker.cli - INFO - command:summary | category:food
2026-01-29 17:37:21,639 - tracker.service - INFO - Generated summary: 1 expenses, total 250.5
2026-01-29 17:37:21,722 - tracker.cli - INFO - command:edit | id:EXP-20260126-0001 | amount:300.0 | note:Lunch+coffee
2026-01-29 17:37:21,722 - tracker.service - WARNING - Expense not found: EXP-20260126-0001
2026-01-29 17:37:21,804 - tracker.cli - INFO - command:list | category:food | sort:date | desc:False
2026-01-29 17:37:21,804 - tracker.service - INFO - Listed 1 expenses
2026-01-29 17:37:21,883 - tracker.cli - INFO - command:delete | id:EXP-20260125-0001
2026-01-29 17:37:21,883 - tracker.storage - INFO - Saved 3 expenses to data/expenses.json
2026-01-29 17:37:21,883 - tracker.service - INFO - Deleted expense: EXP-20260125-0001
2026-01-29 17:37:21,974 - tracker.cli - INFO - command:list | sort:date | desc:False
2026-01-29 17:37:21,974 - tracker.service - INFO - Listed 3 expenses
2026-01-29 17:37:22,075 - tracker.cli - INFO - command:add | category:test | amount:-50.0 | note:Invalid | currency:BDT
2026-01-29 17:37:22,077 - tracker.cli - ERROR - Validation error: amount must be > 0
2026-01-29 17:37:22,159 - tracker.cli - INFO - command:add | date:2026-13-45 | category:test | amount:100.0 | currency:BDT
2026-01-29 17:37:22,161 - tracker.cli - ERROR - Validation error: date must be YYYY-MM-DD
2026-01-29 17:37:22,326 - tracker.cli - INFO - command:summary | month:2025-12
2026-01-29 17:37:22,326 - tracker.service - INFO - Generated summary: 0 expenses, total 0
2026-01-29 17:44:02,807 - tracker.storage - INFO - Created new expenses file: data/expenses.json
2026-01-29 17:44:02,807 - tracker.cli - INFO - command:add | date:2026-01-25 | category:food | amount:510.0 | note:Ice-cream+cake+tea | currency:BDT
2026-01-29 17:44:02,810 - tracker.storage - INFO - Saved 1 expenses to data/expenses.json
2026-01-29 17:44:02,810 - tracker.service - INFO - Added expense: EXP-20260125-0001
2026-01-29 17:45:49,112 - tracker.cli - INFO - command:add | date:2026-01-25 | category:transport | amount:80.0 | note:Rickshaw | currency:BDT
2026-01-29 17:45:49,115 - tracker.storage - INFO - Saved 2 expenses to data/expenses.json
2026-01-29 17:45:49,115 - tracker.service - INFO - Added expense: EXP-20260125-0002
2026-01-29 17:46:08,743 - tracker.cli - INFO - command:add | date:2026-01-26 | category:food | amount:250.5 | note:Lunch | currency:BDT
2026-01-29 17:46:08,745 - tracker.storage - INFO - Saved 3 expenses to data/expenses.json
2026-01-29 17:46:08,745 - tracker.service - INFO - Added expense: EXP-20260126-0003
2026-01-29 17:46:36,842 - tracker.cli - INFO - command:add | date:2026-01-26 | category:rent | amount:400.0 | note:Room rent | currency:BDT
2026-01-29 17:46:36,844 - tracker.storage - INFO - Saved 4 expenses to data/expenses.json
2026-01-29 17:46:36,844 - tracker.service - INFO - Added expense: EXP-20260126-0004
2026-01-29 17:46:52,246 - tracker.cli - INFO - command:list | sort:date | desc:False
2026-01-29 17:46:52,247 - tracker.service - INFO - Listed 4 expenses
2026-01-29 17:46:52,333 - tracker.cli - INFO - command:list | month:2026-01 | sort:amount | desc:True
2026-01-29 17:46:52,333 - tracker.service - INFO - Listed 4 expenses
2026-01-29 17:46:52,434 - tracker.cli - INFO - command:summary | month:2026-01
2026-01-29 17:46:52,434 - tracker.service - INFO - Generated summary: 4 expenses, total 1240.5
2026-01-29 18:12:04,482 - tracker.cli - INFO - command:edit | id:EXP-20260126-0003 | amount:0.0
2026-01-29 18:12:04,482 - tracker.cli - ERROR - Validation error: amount must be > 0
2026-01-29 18:12:11,829 - tracker.cli - INFO - command:edit | id:EXP-20260126-0003 | amount:10.0
2026-01-29 18:12:11,830 - tracker.storage - INFO - Saved 4 expenses to data/expenses.json
2026-01-29 18:12:11,830 - tracker.service - INFO - Edited expense: EXP-20260126-0003
